<?xml version="1.0" encoding="UTF-8"?>
<!-- Generated by org.testng.reporters.JUnitReportReporter -->
<testsuite hostname="bhavinthumar" failures="0" tests="2" name="com.ItemPurchase.MainPage.Item_Purchase_MainPage" time="61.106" errors="0" timestamp="2022-08-05T10:39:23 IST" skipped="0">
  <testcase classname="com.ItemPurchase.MainPage.Item_Purchase_MainPage" name="signin" time="12.012"/>
  <system-out/>
  <testcase classname="com.ItemPurchase.MainPage.Item_Purchase_MainPage" name="Item_Added" time="49.094"/>
  <system-out/>
</testsuite> <!-- com.ItemPurchase.MainPage.Item_Purchase_MainPage -->
